<?xml version="1.0" encoding="UTF-8"?>
<testng-results skipped="0" failed="0" total="2" passed="2">
  <reporter-output>
  </reporter-output>
  <suite name="Geneo application" duration-ms="49205" started-at="2018-05-08T13:30:58Z" finished-at="2018-05-08T13:31:47Z">
    <groups>
    </groups>
    <test name="To Test All Geneo dependent links" duration-ms="49205" started-at="2018-05-08T13:30:58Z" finished-at="2018-05-08T13:31:47Z">
      <class name="student.ExternalUrlStatus">
        <test-method status="PASS" signature="GeneoStudentURL()[pri:1, instance:student.ExternalUrlStatus@1c2c22f3]" name="GeneoStudentURL" duration-ms="35529" started-at="2018-05-08T19:00:58Z" finished-at="2018-05-08T19:01:33Z">
          <reporter-output>
          </reporter-output>
        </test-method> <!-- GeneoStudentURL -->
        <test-method status="PASS" signature="TearDown(org.testng.ITestResult)[pri:0, instance:student.ExternalUrlStatus@1c2c22f3]" name="TearDown" is-config="true" duration-ms="2076" started-at="2018-05-08T19:01:33Z" finished-at="2018-05-08T19:01:35Z">
          <params>
            <param index="0">
              <value>
                <![CDATA[[TestResult name=GeneoStudentURL status=SUCCESS method=ExternalUrlStatus.GeneoStudentURL()[pri:1, instance:student.ExternalUrlStatus@1c2c22f3] output={null}]]]>
              </value>
            </param>
          </params>
          <reporter-output>
          </reporter-output>
        </test-method> <!-- TearDown -->
        <test-method status="PASS" signature="ExplorimentsURL()[pri:3, instance:student.ExternalUrlStatus@1c2c22f3]" name="ExplorimentsURL" duration-ms="11419" started-at="2018-05-08T19:01:35Z" finished-at="2018-05-08T19:01:47Z">
          <reporter-output>
          </reporter-output>
        </test-method> <!-- ExplorimentsURL -->
        <test-method status="PASS" signature="TearDown(org.testng.ITestResult)[pri:0, instance:student.ExternalUrlStatus@1c2c22f3]" name="TearDown" is-config="true" duration-ms="164" started-at="2018-05-08T19:01:47Z" finished-at="2018-05-08T19:01:47Z">
          <params>
            <param index="0">
              <value>
                <![CDATA[[TestResult name=ExplorimentsURL status=SUCCESS method=ExternalUrlStatus.ExplorimentsURL()[pri:3, instance:student.ExternalUrlStatus@1c2c22f3] output={null}]]]>
              </value>
            </param>
          </params>
          <reporter-output>
          </reporter-output>
        </test-method> <!-- TearDown -->
      </class> <!-- student.ExternalUrlStatus -->
    </test> <!-- To Test All Geneo dependent links -->
  </suite> <!-- Geneo application -->
</testng-results>
